<?xml version="1.0" encoding="UTF-8"?>
<!-- Generated by org.testng.reporters.JUnitReportReporter -->
<testsuite hostname="Abhijith" failures="0" tests="1" name="configurationAnotations.BaseClass" time="0.010" errors="0" timestamp="2023-02-24T09:31:26 IST" skipped="0">
  <testcase classname="configurationAnotations.BaseClass" name="create" time="0.010"/>
  <system-out/>
</testsuite> <!-- configurationAnotations.BaseClass -->
