<?xml version="1.0" encoding="UTF-8"?>
<!-- Generated by org.testng.reporters.JUnitReportReporter -->
<testsuite hostname="Abhijith" failures="0" tests="1" name="shoes.Liberty" time="17.580" errors="0" timestamp="2023-02-21T12:48:58 IST" skipped="0">
  <testcase classname="shoes.Liberty" name="buyLiberty" time="17.580"/>
  <system-out>
opening Liberty website  </system-out>
</testsuite> <!-- shoes.Liberty -->
