<?xml version="1.0" encoding="UTF-8"?>
<!-- Generated by org.testng.reporters.JUnitReportReporter -->
<testsuite hostname="Abhijith" failures="0" tests="10" name="testNG.DemoWebShopReadFromExcel" time="130.967" errors="0" timestamp="2023-02-22T10:15:01 IST" skipped="0">
  <testcase classname="testNG.DemoWebShopReadFromExcel" name="register" time="6.767"/>
  <system-out/>
  <testcase classname="testNG.DemoWebShopReadFromExcel" name="register" time="6.800"/>
  <system-out/>
  <testcase classname="testNG.DemoWebShopReadFromExcel" name="register" time="36.807"/>
  <system-out/>
  <testcase classname="testNG.DemoWebShopReadFromExcel" name="register" time="10.015"/>
  <system-out/>
  <testcase classname="testNG.DemoWebShopReadFromExcel" name="register" time="17.773"/>
  <system-out/>
  <testcase classname="testNG.DemoWebShopReadFromExcel" name="register" time="8.459"/>
  <system-out/>
  <testcase classname="testNG.DemoWebShopReadFromExcel" name="register" time="6.676"/>
  <system-out/>
  <testcase classname="testNG.DemoWebShopReadFromExcel" name="register" time="6.904"/>
  <system-out/>
  <testcase classname="testNG.DemoWebShopReadFromExcel" name="register" time="19.711"/>
  <system-out/>
  <testcase classname="testNG.DemoWebShopReadFromExcel" name="register" time="11.055"/>
  <system-out/>
</testsuite> <!-- testNG.DemoWebShopReadFromExcel -->
