<?xml version="1.0" encoding="UTF-8"?>
<!-- Generated by org.testng.reporters.JUnitReportReporter -->
<testsuite hostname="Abhijith" failures="0" tests="1" name="shoes.Woodland" time="10.499" errors="0" timestamp="2023-02-21T12:48:58 IST" skipped="0">
  <testcase classname="shoes.Woodland" name="buyWoodland" time="10.499"/>
  <system-out>
opening Woodland website  </system-out>
</testsuite> <!-- shoes.Woodland -->
