<?xml version="1.0" encoding="UTF-8"?>
<!-- Generated by org.testng.reporters.JUnitReportReporter -->
<testsuite hostname="Abhijith" failures="0" tests="1" name="shoes.Puma" time="17.420" errors="0" timestamp="2023-02-21T12:48:58 IST" skipped="0">
  <testcase classname="shoes.Puma" name="buyPuma" time="17.420"/>
  <system-out>
opening puma website  </system-out>
</testsuite> <!-- shoes.Puma -->
