<?xml version="1.0" encoding="UTF-8"?>
<!-- Generated by org.testng.reporters.JUnitReportReporter -->
<testsuite hostname="Abhijith" failures="0" tests="2" name="crossBrowserTesting.Apple" time="87.486" errors="0" timestamp="2023-03-08T12:40:30 IST" skipped="0">
  <testcase classname="crossBrowserTesting.Apple" name="toLaunchApple" time="43.508"/>
  <system-out/>
  <testcase classname="crossBrowserTesting.Apple" name="toLaunchApple" time="43.978"/>
  <system-out/>
</testsuite> <!-- crossBrowserTesting.Apple -->
