<?xml version="1.0" encoding="UTF-8"?>
<!-- Generated by org.testng.reporters.JUnitReportReporter -->
<testsuite hostname="Abhijith" failures="0" tests="2" name="crossBrowserTesting.Ducati" time="14.628" errors="0" timestamp="2023-03-09T10:32:45 IST" skipped="0">
  <testcase classname="crossBrowserTesting.Ducati" name="buyDucati" time="4.028"/>
  <system-out>
opening ducati website  </system-out>
  <testcase classname="crossBrowserTesting.Ducati" name="buyDucati" time="10.600"/>
  <system-out>
opening ducati website  </system-out>
</testsuite> <!-- crossBrowserTesting.Ducati -->
