<?xml version="1.0" encoding="UTF-8"?>
<!-- Generated by org.testng.reporters.JUnitReportReporter -->
<testsuite hostname="Abhijith" failures="0" tests="1" name="bikes.Kawasaki" time="3.220" errors="0" timestamp="2023-02-21T16:15:38 IST" skipped="0">
  <testcase classname="bikes.Kawasaki" name="buyKawasaki" time="3.220"/>
  <system-out>
opening kawasaki website  </system-out>
</testsuite> <!-- bikes.Kawasaki -->
