<?xml version="1.0" encoding="UTF-8"?>
<!-- Generated by org.testng.reporters.JUnitReportReporter -->
<testsuite hostname="Abhijith" failures="0" tests="1" name="shoes.Adidas" time="10.213" errors="0" timestamp="2023-02-21T12:48:58 IST" skipped="0">
  <testcase classname="shoes.Adidas" name="buyAdidas" time="10.213"/>
  <system-out>
opening adidas website  </system-out>
</testsuite> <!-- shoes.Adidas -->
