<?xml version="1.0" encoding="UTF-8"?>
<!-- Generated by org.testng.reporters.JUnitReportReporter -->
<testsuite hostname="Abhijith" failures="0" tests="5" name="testNG.DemoWebShopDataProvider" time="55.433" errors="0" timestamp="2023-02-21T17:52:22 IST" skipped="0">
  <testcase classname="testNG.DemoWebShopDataProvider" name="register" time="5.589"/>
  <system-out/>
  <testcase classname="testNG.DemoWebShopDataProvider" name="register" time="5.732"/>
  <system-out/>
  <testcase classname="testNG.DemoWebShopDataProvider" name="register" time="20.866"/>
  <system-out/>
  <testcase classname="testNG.DemoWebShopDataProvider" name="register" time="18.531"/>
  <system-out/>
  <testcase classname="testNG.DemoWebShopDataProvider" name="register" time="4.715"/>
  <system-out/>
</testsuite> <!-- testNG.DemoWebShopDataProvider -->
