<?xml version="1.0" encoding="UTF-8"?>
<!-- Generated by org.testng.reporters.JUnitReportReporter -->
<testsuite hostname="Abhijith" failures="0" tests="2" name="crossBrowserTesting.Jawa" time="18.856" errors="0" timestamp="2023-03-09T10:32:45 IST" skipped="0">
  <testcase classname="crossBrowserTesting.Jawa" name="buyJawa" time="11.191"/>
  <system-out>
opening Jawa website  </system-out>
  <testcase classname="crossBrowserTesting.Jawa" name="buyJawa" time="7.665"/>
  <system-out>
opening Jawa website  </system-out>
</testsuite> <!-- crossBrowserTesting.Jawa -->
