<?xml version="1.0" encoding="UTF-8"?>
<!-- Generated by org.testng.reporters.JUnitReportReporter -->
<testsuite hostname="Abhijith" failures="0" tests="5" name="testNG.DemoWebShopAssertion" time="271.467" errors="0" timestamp="2023-02-24T09:41:51 IST" skipped="0">
  <testcase classname="testNG.DemoWebShopAssertion" name="register" time="137.465"/>
  <system-out>
Browser launched successfully Browser maximized successfully Home page is displayed Register page is displayed female radio button is selected First name is entered successfully Last name is entered successfully email is entered successfully password is entered successfully confirm password is entered successfully User Registered successfully  </system-out>
  <testcase classname="testNG.DemoWebShopAssertion" name="register" time="105.853"/>
  <system-out>
Browser launched successfully Browser maximized successfully Home page is displayed Register page is displayed female radio button is selected First name is entered successfully Last name is entered successfully email is entered successfully password is entered successfully confirm password is entered successfully User Registered successfully  </system-out>
  <testcase classname="testNG.DemoWebShopAssertion" name="register" time="9.732"/>
  <system-out>
Browser launched successfully Browser maximized successfully Home page is displayed Register page is displayed male radio button is selected First name is entered successfully Last name is entered successfully email is entered successfully password is entered successfully confirm password is entered successfully User Registered successfully  </system-out>
  <testcase classname="testNG.DemoWebShopAssertion" name="register" time="9.929"/>
  <system-out>
Browser launched successfully Browser maximized successfully Home page is displayed Register page is displayed male radio button is selected First name is entered successfully Last name is entered successfully email is entered successfully password is entered successfully confirm password is entered successfully User Registered successfully  </system-out>
  <testcase classname="testNG.DemoWebShopAssertion" name="register" time="8.488"/>
  <system-out>
Browser launched successfully Browser maximized successfully Home page is displayed Register page is displayed female radio button is selected First name is entered successfully Last name is entered successfully email is entered successfully password is entered successfully confirm password is entered successfully User Registered successfully  </system-out>
</testsuite> <!-- testNG.DemoWebShopAssertion -->
