<?xml version="1.0" encoding="UTF-8"?>
<!-- Generated by org.testng.reporters.JUnitReportReporter -->
<testsuite hostname="Abhijith" failures="0" tests="2" name="crossBrowserTesting.OnePlus" time="64.942" errors="0" timestamp="2023-03-08T12:40:30 IST" skipped="0">
  <testcase classname="crossBrowserTesting.OnePlus" name="toLaunchOnePlusBrowser" time="44.753"/>
  <system-out/>
  <testcase classname="crossBrowserTesting.OnePlus" name="toLaunchOnePlusBrowser" time="20.189"/>
  <system-out/>
</testsuite> <!-- crossBrowserTesting.OnePlus -->
