<?xml version="1.0" encoding="UTF-8"?>
<!-- Generated by org.testng.reporters.JUnitReportReporter -->
<testsuite hostname="Abhijith" failures="0" tests="1" name="shoes.Bata" time="20.750" errors="0" timestamp="2023-02-21T12:48:58 IST" skipped="0">
  <testcase classname="shoes.Bata" name="buyBata" time="20.750"/>
  <system-out>
opening bata website  </system-out>
</testsuite> <!-- shoes.Bata -->
