<?xml version="1.0" encoding="UTF-8"?>
<!-- Generated by org.testng.reporters.JUnitReportReporter -->
<testsuite hostname="Abhijith" failures="0" tests="1" name="bikes.Jawa" time="3.661" errors="0" timestamp="2023-02-21T16:15:38 IST" skipped="0">
  <testcase classname="bikes.Jawa" name="buyJawa" time="3.661"/>
  <system-out>
opening Jawa website  </system-out>
</testsuite> <!-- bikes.Jawa -->
