<?xml version="1.0" encoding="UTF-8"?>
<!-- Generated by org.testng.reporters.JUnitReportReporter -->
<testsuite hostname="Abhijith" failures="0" tests="1" name="bikes.HarleyDavidson" time="3.473" errors="0" timestamp="2023-02-21T12:48:58 IST" skipped="0">
  <testcase classname="bikes.HarleyDavidson" name="buyHarleyDavidson" time="3.473"/>
  <system-out>
opening Harley website  </system-out>
</testsuite> <!-- bikes.HarleyDavidson -->
