<?xml version="1.0" encoding="UTF-8"?>
<!-- Generated by org.testng.reporters.JUnitReportReporter -->
<testsuite hostname="Abhijith" failures="0" tests="1" name="bikes.Ducati" time="15.401" errors="0" timestamp="2023-02-21T16:15:38 IST" skipped="0">
  <testcase classname="bikes.Ducati" name="buyDucati" time="15.401"/>
  <system-out>
opening ducati website  </system-out>
</testsuite> <!-- bikes.Ducati -->
